<?xml version="1.0" encoding="UTF-8"?>
<!-- Generated by org.testng.reporters.JUnitReportReporter -->
<testsuite name="TC1_GET_Request" tests="1" time="3.191" ignored="0" failures="0" timestamp="14 Jun 2020 09:33:31 GMT" skipped="0" hostname="SJM1W10BLR" errors="0">
  <testcase name="getWeatherDetails" time="3.191" classname="TC1_GET_Request"/>
</testsuite> <!-- TC1_GET_Request -->
