<?xml version="1.0" encoding="UTF-8"?>
<!-- Generated by org.testng.reporters.JUnitReportReporter -->
<testsuite name="test.ap.com.TC6_GET_AllResponseBody" tests="1" time="3.627" ignored="0" failures="0" timestamp="14 Jun 2020 14:30:23 GMT" skipped="0" hostname="SJM1W10BLR" errors="0">
  <testcase name="testJSONResponseBody" time="3.627" classname="test.ap.com.TC6_GET_AllResponseBody"/>
</testsuite> <!-- test.ap.com.TC6_GET_AllResponseBody -->
