<?xml version="1.0" encoding="UTF-8"?>
<!-- Generated by org.testng.reporters.JUnitReportReporter -->
<testsuite name="test.ap.com.TC7_GET_Authorization" tests="1" time="2.967" ignored="0" failures="0" timestamp="14 Jun 2020 14:51:50 GMT" skipped="0" hostname="SJM1W10BLR" errors="0">
  <testcase name="testJSONResponseBody" time="2.967" classname="test.ap.com.TC7_GET_Authorization"/>
</testsuite> <!-- test.ap.com.TC7_GET_Authorization -->
