<?xml version="1.0" encoding="UTF-8"?>
<!-- Generated by org.testng.reporters.JUnitReportReporter -->
<testsuite name="test.ap.com.TC8_DataDriven" tests="3" time="5.298" ignored="0" failures="0" timestamp="14 Jun 2020 15:25:09 GMT" skipped="0" hostname="SJM1W10BLR" errors="0">
  <testcase name="testpostEmployeeDetails" time="0.975" classname="test.ap.com.TC8_DataDriven"/>
  <testcase name="testpostEmployeeDetails" time="0.923" classname="test.ap.com.TC8_DataDriven"/>
  <testcase name="testpostEmployeeDetails" time="3.400" classname="test.ap.com.TC8_DataDriven"/>
</testsuite> <!-- test.ap.com.TC8_DataDriven -->
