<?xml version="1.0" encoding="UTF-8"?>
<!-- Generated by org.testng.reporters.JUnitReportReporter -->
<testsuite name="test.ap.com.TC2_POST_Response" tests="1" time="4.397" ignored="0" failures="0" timestamp="14 Jun 2020 09:51:48 GMT" skipped="0" hostname="SJM1W10BLR" errors="0">
  <testcase name="testCustomerRegistration" time="4.397" classname="test.ap.com.TC2_POST_Response"/>
</testsuite> <!-- test.ap.com.TC2_POST_Response -->
