<?xml version="1.0" encoding="UTF-8"?>
<!-- Generated by org.testng.reporters.JUnitReportReporter -->
<testsuite name="test.ap.com.TC4_GET_AllHeaders" tests="1" time="2.972" ignored="0" failures="0" timestamp="14 Jun 2020 14:21:51 GMT" skipped="0" hostname="SJM1W10BLR" errors="0">
  <testcase name="testAllHeader" time="2.972" classname="test.ap.com.TC4_GET_AllHeaders"/>
</testsuite> <!-- test.ap.com.TC4_GET_AllHeaders -->
