<?xml version="1.0" encoding="UTF-8"?>
<!-- Generated by org.testng.reporters.JUnitReportReporter -->
<testsuite name="com.employeeapi.testcases.TC02_GET_SingleEmployeeRecord" tests="1" time="0.002" ignored="0" failures="0" timestamp="15 Jun 2020 15:23:13 GMT" skipped="0" hostname="SJM1W10BLR" errors="0">
  <testcase name="testResponseBody" time="0.002" classname="com.employeeapi.testcases.TC02_GET_SingleEmployeeRecord"/>
</testsuite> <!-- com.employeeapi.testcases.TC02_GET_SingleEmployeeRecord -->
