<?xml version="1.0" encoding="UTF-8"?>
<!-- Generated by org.testng.reporters.JUnitReportReporter -->
<testsuite name="test.ap.com.TC3_GET_SpecificHeaderDetails" tests="1" time="2.746" ignored="0" failures="0" timestamp="14 Jun 2020 14:11:19 GMT" skipped="0" hostname="SJM1W10BLR" errors="0">
  <testcase name="testGoogleMap" time="2.746" classname="test.ap.com.TC3_GET_SpecificHeaderDetails"/>
</testsuite> <!-- test.ap.com.TC3_GET_SpecificHeaderDetails -->
