<?xml version="1.0" encoding="UTF-8"?>
<!-- Generated by org.testng.reporters.JUnitReportReporter -->
<testsuite name="test.ap.com.TC5_GET_ResponseBody" tests="1" time="3.128" ignored="0" failures="0" timestamp="14 Jun 2020 14:21:21 GMT" skipped="0" hostname="SJM1W10BLR" errors="0">
  <testcase name="testJSONResponseBody" time="3.128" classname="test.ap.com.TC5_GET_ResponseBody"/>
</testsuite> <!-- test.ap.com.TC5_GET_ResponseBody -->
