<?xml version="1.0" encoding="UTF-8"?>
<testsuite xmlns:xsi="http://www.w3.org/2001/XMLSchema-instance" xsi:noNamespaceSchemaLocation="https://maven.apache.org/surefire/maven-surefire-plugin/xsd/surefire-test-report-3.0.xsd" version="3.0" name="TestSuite" time="13.44" tests="10" errors="0" skipped="0" failures="4">
  <properties>
    <property name="java.specification.version" value="14"/>
    <property name="sun.cpu.isalist" value="amd64"/>
    <property name="sun.jnu.encoding" value="Cp1252"/>
    <property name="java.class.path" value="D:\Learning\RestAssuredAPITestingProject\target\test-classes;D:\Learning\RestAssuredAPITestingProject\target\classes;C:\Users\SJM1\.m2\repository\io\rest-assured\rest-assured\4.3.0\rest-assured-4.3.0.jar;C:\Users\SJM1\.m2\repository\org\codehaus\groovy\groovy\3.0.2\groovy-3.0.2.jar;C:\Users\SJM1\.m2\repository\org\codehaus\groovy\groovy-xml\3.0.2\groovy-xml-3.0.2.jar;C:\Users\SJM1\.m2\repository\org\apache\httpcomponents\httpclient\4.5.3\httpclient-4.5.3.jar;C:\Users\SJM1\.m2\repository\org\apache\httpcomponents\httpcore\4.4.6\httpcore-4.4.6.jar;C:\Users\SJM1\.m2\repository\commons-logging\commons-logging\1.2\commons-logging-1.2.jar;C:\Users\SJM1\.m2\repository\org\apache\httpcomponents\httpmime\4.5.3\httpmime-4.5.3.jar;C:\Users\SJM1\.m2\repository\org\hamcrest\hamcrest\2.1\hamcrest-2.1.jar;C:\Users\SJM1\.m2\repository\org\ccil\cowan\tagsoup\tagsoup\1.2.1\tagsoup-1.2.1.jar;C:\Users\SJM1\.m2\repository\io\rest-assured\json-path\4.3.0\json-path-4.3.0.jar;C:\Users\SJM1\.m2\repository\org\codehaus\groovy\groovy-json\3.0.2\groovy-json-3.0.2.jar;C:\Users\SJM1\.m2\repository\io\rest-assured\rest-assured-common\4.3.0\rest-assured-common-4.3.0.jar;C:\Users\SJM1\.m2\repository\io\rest-assured\xml-path\4.3.0\xml-path-4.3.0.jar;C:\Users\SJM1\.m2\repository\org\apache\commons\commons-lang3\3.4\commons-lang3-3.4.jar;C:\Users\SJM1\.m2\repository\jakarta\xml\bind\jakarta.xml.bind-api\2.3.2\jakarta.xml.bind-api-2.3.2.jar;C:\Users\SJM1\.m2\repository\jakarta\activation\jakarta.activation-api\1.2.1\jakarta.activation-api-1.2.1.jar;C:\Users\SJM1\.m2\repository\com\sun\xml\bind\jaxb-osgi\2.3.0.1\jaxb-osgi-2.3.0.1.jar;C:\Users\SJM1\.m2\repository\org\apache\sling\org.apache.sling.javax.activation\0.1.0\org.apache.sling.javax.activation-0.1.0.jar;C:\Users\SJM1\.m2\repository\javax\activation\activation\1.1.1\activation-1.1.1.jar;C:\Users\SJM1\.m2\repository\org\testng\testng\6.10\testng-6.10.jar;C:\Users\SJM1\.m2\repository\com\beust\jcommander\1.48\jcommander-1.48.jar;C:\Users\SJM1\.m2\repository\junit\junit\4.13\junit-4.13.jar;C:\Users\SJM1\.m2\repository\org\hamcrest\hamcrest-core\1.3\hamcrest-core-1.3.jar;C:\Users\SJM1\.m2\repository\com\googlecode\json-simple\json-simple\1.1.1\json-simple-1.1.1.jar;C:\Users\SJM1\.m2\repository\org\apache\poi\poi\4.1.2\poi-4.1.2.jar;C:\Users\SJM1\.m2\repository\commons-codec\commons-codec\1.13\commons-codec-1.13.jar;C:\Users\SJM1\.m2\repository\org\apache\commons\commons-collections4\4.4\commons-collections4-4.4.jar;C:\Users\SJM1\.m2\repository\org\apache\commons\commons-math3\3.6.1\commons-math3-3.6.1.jar;C:\Users\SJM1\.m2\repository\com\zaxxer\SparseBitSet\1.2\SparseBitSet-1.2.jar;C:\Users\SJM1\.m2\repository\org\apache\poi\poi-ooxml\4.1.2\poi-ooxml-4.1.2.jar;C:\Users\SJM1\.m2\repository\org\apache\poi\poi-ooxml-schemas\4.1.2\poi-ooxml-schemas-4.1.2.jar;C:\Users\SJM1\.m2\repository\org\apache\xmlbeans\xmlbeans\3.1.0\xmlbeans-3.1.0.jar;C:\Users\SJM1\.m2\repository\org\apache\commons\commons-compress\1.19\commons-compress-1.19.jar;C:\Users\SJM1\.m2\repository\com\github\virtuald\curvesapi\1.06\curvesapi-1.06.jar;C:\Users\SJM1\.m2\repository\log4j\log4j\1.2.17\log4j-1.2.17.jar;C:\Users\SJM1\.m2\repository\com\aventstack\extentreports\4.1.6\extentreports-4.1.6.jar;C:\Users\SJM1\.m2\repository\org\freemarker\freemarker\2.3.29\freemarker-2.3.29.jar;C:\Users\SJM1\.m2\repository\com\google\code\gson\gson\2.8.6\gson-2.8.6.jar;C:\Users\SJM1\.m2\repository\org\mongodb\mongodb-driver\3.12.0\mongodb-driver-3.12.0.jar;C:\Users\SJM1\.m2\repository\org\mongodb\mongodb-driver-core\3.12.0\mongodb-driver-core-3.12.0.jar;C:\Users\SJM1\.m2\repository\org\mongodb\bson\3.12.0\bson-3.12.0.jar;"/>
    <property name="java.vm.vendor" value="Oracle Corporation"/>
    <property name="sun.arch.data.model" value="64"/>
    <property name="user.variant" value=""/>
    <property name="java.vendor.url" value="https://java.oracle.com/"/>
    <property name="user.timezone" value="Asia/Calcutta"/>
    <property name="os.name" value="Windows 10"/>
    <property name="java.vm.specification.version" value="14"/>
    <property name="sun.java.launcher" value="SUN_STANDARD"/>
    <property name="user.country" value="US"/>
    <property name="sun.boot.library.path" value="D:\Program Files\Java\jdk-14.0.1\bin"/>
    <property name="sun.java.command" value="C:\Users\SJM1\AppData\Local\Temp\surefire18084055166340136383\surefirebooter6013384945167557651.jar C:\Users\SJM1\AppData\Local\Temp\surefire18084055166340136383 2020-06-15T20-17-22_441-jvmRun1 surefire913624247839780711tmp surefire_012254840047322864878tmp"/>
    <property name="jdk.debug" value="release"/>
    <property name="surefire.test.class.path" value="D:\Learning\RestAssuredAPITestingProject\target\test-classes;D:\Learning\RestAssuredAPITestingProject\target\classes;C:\Users\SJM1\.m2\repository\io\rest-assured\rest-assured\4.3.0\rest-assured-4.3.0.jar;C:\Users\SJM1\.m2\repository\org\codehaus\groovy\groovy\3.0.2\groovy-3.0.2.jar;C:\Users\SJM1\.m2\repository\org\codehaus\groovy\groovy-xml\3.0.2\groovy-xml-3.0.2.jar;C:\Users\SJM1\.m2\repository\org\apache\httpcomponents\httpclient\4.5.3\httpclient-4.5.3.jar;C:\Users\SJM1\.m2\repository\org\apache\httpcomponents\httpcore\4.4.6\httpcore-4.4.6.jar;C:\Users\SJM1\.m2\repository\commons-logging\commons-logging\1.2\commons-logging-1.2.jar;C:\Users\SJM1\.m2\repository\org\apache\httpcomponents\httpmime\4.5.3\httpmime-4.5.3.jar;C:\Users\SJM1\.m2\repository\org\hamcrest\hamcrest\2.1\hamcrest-2.1.jar;C:\Users\SJM1\.m2\repository\org\ccil\cowan\tagsoup\tagsoup\1.2.1\tagsoup-1.2.1.jar;C:\Users\SJM1\.m2\repository\io\rest-assured\json-path\4.3.0\json-path-4.3.0.jar;C:\Users\SJM1\.m2\repository\org\codehaus\groovy\groovy-json\3.0.2\groovy-json-3.0.2.jar;C:\Users\SJM1\.m2\repository\io\rest-assured\rest-assured-common\4.3.0\rest-assured-common-4.3.0.jar;C:\Users\SJM1\.m2\repository\io\rest-assured\xml-path\4.3.0\xml-path-4.3.0.jar;C:\Users\SJM1\.m2\repository\org\apache\commons\commons-lang3\3.4\commons-lang3-3.4.jar;C:\Users\SJM1\.m2\repository\jakarta\xml\bind\jakarta.xml.bind-api\2.3.2\jakarta.xml.bind-api-2.3.2.jar;C:\Users\SJM1\.m2\repository\jakarta\activation\jakarta.activation-api\1.2.1\jakarta.activation-api-1.2.1.jar;C:\Users\SJM1\.m2\repository\com\sun\xml\bind\jaxb-osgi\2.3.0.1\jaxb-osgi-2.3.0.1.jar;C:\Users\SJM1\.m2\repository\org\apache\sling\org.apache.sling.javax.activation\0.1.0\org.apache.sling.javax.activation-0.1.0.jar;C:\Users\SJM1\.m2\repository\javax\activation\activation\1.1.1\activation-1.1.1.jar;C:\Users\SJM1\.m2\repository\org\testng\testng\6.10\testng-6.10.jar;C:\Users\SJM1\.m2\repository\com\beust\jcommander\1.48\jcommander-1.48.jar;C:\Users\SJM1\.m2\repository\junit\junit\4.13\junit-4.13.jar;C:\Users\SJM1\.m2\repository\org\hamcrest\hamcrest-core\1.3\hamcrest-core-1.3.jar;C:\Users\SJM1\.m2\repository\com\googlecode\json-simple\json-simple\1.1.1\json-simple-1.1.1.jar;C:\Users\SJM1\.m2\repository\org\apache\poi\poi\4.1.2\poi-4.1.2.jar;C:\Users\SJM1\.m2\repository\commons-codec\commons-codec\1.13\commons-codec-1.13.jar;C:\Users\SJM1\.m2\repository\org\apache\commons\commons-collections4\4.4\commons-collections4-4.4.jar;C:\Users\SJM1\.m2\repository\org\apache\commons\commons-math3\3.6.1\commons-math3-3.6.1.jar;C:\Users\SJM1\.m2\repository\com\zaxxer\SparseBitSet\1.2\SparseBitSet-1.2.jar;C:\Users\SJM1\.m2\repository\org\apache\poi\poi-ooxml\4.1.2\poi-ooxml-4.1.2.jar;C:\Users\SJM1\.m2\repository\org\apache\poi\poi-ooxml-schemas\4.1.2\poi-ooxml-schemas-4.1.2.jar;C:\Users\SJM1\.m2\repository\org\apache\xmlbeans\xmlbeans\3.1.0\xmlbeans-3.1.0.jar;C:\Users\SJM1\.m2\repository\org\apache\commons\commons-compress\1.19\commons-compress-1.19.jar;C:\Users\SJM1\.m2\repository\com\github\virtuald\curvesapi\1.06\curvesapi-1.06.jar;C:\Users\SJM1\.m2\repository\log4j\log4j\1.2.17\log4j-1.2.17.jar;C:\Users\SJM1\.m2\repository\com\aventstack\extentreports\4.1.6\extentreports-4.1.6.jar;C:\Users\SJM1\.m2\repository\org\freemarker\freemarker\2.3.29\freemarker-2.3.29.jar;C:\Users\SJM1\.m2\repository\com\google\code\gson\gson\2.8.6\gson-2.8.6.jar;C:\Users\SJM1\.m2\repository\org\mongodb\mongodb-driver\3.12.0\mongodb-driver-3.12.0.jar;C:\Users\SJM1\.m2\repository\org\mongodb\mongodb-driver-core\3.12.0\mongodb-driver-core-3.12.0.jar;C:\Users\SJM1\.m2\repository\org\mongodb\bson\3.12.0\bson-3.12.0.jar;"/>
    <property name="sun.cpu.endian" value="little"/>
    <property name="user.home" value="C:\Users\SJM1"/>
    <property name="user.language" value="en"/>
    <property name="java.specification.vendor" value="Oracle Corporation"/>
    <property name="java.version.date" value="2020-04-14"/>
    <property name="java.home" value="D:\Program Files\Java\jdk-14.0.1"/>
    <property name="file.separator" value="\"/>
    <property name="basedir" value="D:\Learning\RestAssuredAPITestingProject"/>
    <property name="java.vm.compressedOopsMode" value="Zero based"/>
    <property name="line.separator" value="&#10;"/>
    <property name="java.vm.specification.vendor" value="Oracle Corporation"/>
    <property name="java.specification.name" value="Java Platform API Specification"/>
    <property name="surefire.real.class.path" value="C:\Users\SJM1\AppData\Local\Temp\surefire18084055166340136383\surefirebooter6013384945167557651.jar"/>
    <property name="user.script" value=""/>
    <property name="sun.management.compiler" value="HotSpot 64-Bit Tiered Compilers"/>
    <property name="java.runtime.version" value="14.0.1+7"/>
    <property name="user.name" value="SJM1"/>
    <property name="path.separator" value=";"/>
    <property name="os.version" value="10.0"/>
    <property name="java.runtime.name" value="OpenJDK Runtime Environment"/>
    <property name="file.encoding" value="Cp1252"/>
    <property name="java.vm.name" value="OpenJDK 64-Bit Server VM"/>
    <property name="localRepository" value="C:\Users\SJM1\.m2\repository"/>
    <property name="java.vendor.url.bug" value="https://bugreport.java.com/bugreport/"/>
    <property name="java.io.tmpdir" value="C:\Users\SJM1\AppData\Local\Temp\"/>
    <property name="java.version" value="14.0.1"/>
    <property name="user.dir" value="D:\Learning\RestAssuredAPITestingProject"/>
    <property name="os.arch" value="amd64"/>
    <property name="java.vm.specification.name" value="Java Virtual Machine Specification"/>
    <property name="sun.os.patch.level" value=""/>
    <property name="java.library.path" value="D:\Program Files\Java\jdk-14.0.1\bin;C:\WINDOWS\Sun\Java\bin;C:\WINDOWS\system32;C:\WINDOWS;C:\ProgramData\Oracle\Java\javapath;C:\Program Files\Microsoft MPI\Bin\;C:\WINDOWS\system32;C:\WINDOWS;C:\WINDOWS\System32\Wbem;C:\WINDOWS\System32\WindowsPowerShell\v1.0\;C:\Program Files (x86)\Symantec\VIP Access Client\;C:\Program Files\Intel\WiFi\bin\;C:\Program Files\Common Files\Intel\WirelessCommon\;D:\Program Files\PuTTY\;C:\WINDOWS\System32\OpenSSH\;D:\Program Files\Java\jdk-14.0.1\bin\;D:\Program Files\Git\cmd;C:\Program Files (x86)\Intel\Intel(R) Management Engine Components\DAL;C:\Program Files\Intel\Intel(R) Management Engine Components\DAL;D:\Program Files\nodejs\;D:\apache-maven-3.6.3-bin\apache-maven-3.6.3\bin;C:\Users\SJM1\AppData\Local\Microsoft\WindowsApps;C:\Program Files\Intel\WiFi\bin\;C:\Program Files\Common Files\Intel\WirelessCommon\;C:\Users\SJM1\AppData\Local\Programs\Microsoft VS Code\bin;C:\Users\SJM1\AppData\Local\Programs\Python\Python38-32;C:\Users\SJM1\AppData\Roaming\npm;."/>
    <property name="java.vm.info" value="mixed mode, sharing"/>
    <property name="java.vendor" value="Oracle Corporation"/>
    <property name="java.vm.version" value="14.0.1+7"/>
    <property name="sun.io.unicode.encoding" value="UnicodeLittle"/>
    <property name="java.class.version" value="58.0"/>
  </properties>
  <testcase name="testContentEncoding" classname="com.employeeapi.testcases.TC01_GET_AllEmployees" time="0.021"/>
  <testcase name="testContentLength" classname="com.employeeapi.testcases.TC01_GET_AllEmployees" time="0.041">
    <failure message="expected [Content Length is not as expected - &lt; 100] but found [false]" type="java.lang.AssertionError"><![CDATA[java.lang.AssertionError: expected [Content Length is not as expected - < 100] but found [false]
	at com.employeeapi.testcases.TC01_GET_AllEmployees.testContentLength(TC01_GET_AllEmployees.java:103)
]]></failure>
    <system-out><![CDATA[#d{yyyy-MM-dd HH:mm:ss} INFO  EmployeeRestAPI:96 - ****Content Length***************
#d{yyyy-MM-dd HH:mm:ss} INFO  EmployeeRestAPI:98 - Content Length is : 595
]]></system-out>
  </testcase>
  <testcase name="testContentType" classname="com.employeeapi.testcases.TC01_GET_AllEmployees" time="0.009">
    <failure message="Content Type is not as expected - text/html; charset=UTF-8 expected [text/html; charset=UTF-8] but found [application/json;charset=utf-8]" type="java.lang.AssertionError"><![CDATA[java.lang.AssertionError: Content Type is not as expected - text/html; charset=UTF-8 expected [text/html; charset=UTF-8] but found [application/json;charset=utf-8]
	at com.employeeapi.testcases.TC01_GET_AllEmployees.testContentType(TC01_GET_AllEmployees.java:74)
]]></failure>
    <system-out><![CDATA[#d{yyyy-MM-dd HH:mm:ss} INFO  EmployeeRestAPI:73 - Content Type is : application/json;charset=utf-8
]]></system-out>
  </testcase>
  <testcase name="testCoockies" classname="com.employeeapi.testcases.TC01_GET_AllEmployees" time="0.015"/>
  <testcase name="testResponseBody" classname="com.employeeapi.testcases.TC01_GET_AllEmployees" time="0.397"/>
  <testcase name="testResponseTime" classname="com.employeeapi.testcases.TC01_GET_AllEmployees" time="0.009">
    <failure message="expected [Response Time is not as expected &gt;2000] but found [true]" type="java.lang.AssertionError"><![CDATA[java.lang.AssertionError: expected [Response Time is not as expected >2000] but found [true]
	at com.employeeapi.testcases.TC01_GET_AllEmployees.testResponseTime(TC01_GET_AllEmployees.java:57)
]]></failure>
    <system-out><![CDATA[#d{yyyy-MM-dd HH:mm:ss} INFO  EmployeeRestAPI:52 - Response Time is : 1398
]]></system-out>
  </testcase>
  <testcase name="testServerType" classname="com.employeeapi.testcases.TC01_GET_AllEmployees" time="0.006">
    <failure message="Server Type is not as expected - nginx/1.14.1 expected [nginx/1.14.1] but found [nginx/1.16.0]" type="java.lang.AssertionError"><![CDATA[java.lang.AssertionError: Server Type is not as expected - nginx/1.14.1 expected [nginx/1.14.1] but found [nginx/1.16.0]
	at com.employeeapi.testcases.TC01_GET_AllEmployees.testServerType(TC01_GET_AllEmployees.java:82)
]]></failure>
    <system-out><![CDATA[#d{yyyy-MM-dd HH:mm:ss} INFO  EmployeeRestAPI:81 - Server Type is : nginx/1.16.0
]]></system-out>
  </testcase>
  <testcase name="testStatusCode" classname="com.employeeapi.testcases.TC01_GET_AllEmployees" time="0.01"/>
  <testcase name="testStatusLine" classname="com.employeeapi.testcases.TC01_GET_AllEmployees" time="0.006"/>
  <testcase name="testResponseBody" classname="com.employeeapi.testcases.TC02_GET_SingleEmployeeRecord" time="0.003"/>
</testsuite>