<?xml version="1.0" encoding="UTF-8"?>
<!-- Generated by org.testng.reporters.JUnitReportReporter -->
<testsuite ignored="0" hostname="SJM1W10BLR" failures="0" tests="1" name="com.employeeapi.testcases.TC02_GET_SingleEmployeeRecord" time="0.003" errors="0" timestamp="15 Jun 2020 14:47:37 GMT" skipped="0">
  <testcase classname="com.employeeapi.testcases.TC02_GET_SingleEmployeeRecord" name="testResponseBody" time="0.003"/>
</testsuite> <!-- com.employeeapi.testcases.TC02_GET_SingleEmployeeRecord -->
